<?xml version="1.0" encoding="UTF-8"?>
<!-- Generated by org.testng.reporters.JUnitReportReporter -->
<testsuite hostname="DESKTOP-DINGAJK" failures="0" tests="1" name="nopCommerce.Topic_01_Register" time="1.168" errors="0" timestamp="20 Aug 2023 05:16:21 GMT" skipped="0">
  <testcase classname="nopCommerce.Topic_01_Register" name="TC_01_Register_With_Empty_Data" time="1.168"/>
</testsuite> <!-- nopCommerce.Topic_01_Register -->
