<?xml version="1.0" encoding="UTF-8"?>
<!-- Generated by org.testng.reporters.JUnitReportReporter -->
<testsuite hostname="DESKTOP-DINGAJK" failures="0" tests="1" name="nopCommerce.Topic_02_Login" time="2.231" errors="0" timestamp="22 Aug 2023 13:43:04 GMT" skipped="0">
  <testcase classname="nopCommerce.Topic_02_Login" name="TC_03_Login_With_Unregister_Email" time="2.231"/>
</testsuite> <!-- nopCommerce.Topic_02_Login -->
